2018-03-03 09:50:18 : INSERT INTO `namlv_attribute_group_value` (`attribute_set_id`, `attribute_id`) VALUES (1, 1)-Unknown column 'attribute_set_id' in 'field list'
2018-03-03 09:51:09 : INSERT INTO `namlv_attribute_group_value` (`attribute_set_id`, `attribute_id`) VALUES (1, 2)-Unknown column 'attribute_set_id' in 'field list'
2018-03-03 09:52:59 : INSERT INTO `namlv_attribute_group_value` (`attribute_set_id`, `attribute_id`) VALUES (1, 3)-Unknown column 'attribute_set_id' in 'field list'
2018-03-03 09:56:38 : INSERT INTO `namlv_attribute_group_value` (`attribute_set_id`, `attribute_id`) VALUES (1, 4)-Unknown column 'attribute_set_id' in 'field list'
2018-03-03 09:56:42 : INSERT INTO `namlv_attribute_group_value` (`attribute_set_id`, `attribute_id`) VALUES (1, 5)-Unknown column 'attribute_set_id' in 'field list'
2018-03-03 10:20:15 : Table 'webshop.namlv_setup_database' doesn't exist
2018-03-03 10:20:15 : INSERT INTO `namlv_setup_database` (`type`, `version`) VALUES ('core', '1.0.0')-Table 'webshop.namlv_setup_database' doesn't exist
2018-03-03 10:20:16 : Table 'webshop.namlv_setup_database' doesn't exist
2018-03-03 10:20:16 : INSERT INTO `namlv_setup_database` (`type`, `version`) VALUES ('category', '1.0.0')-Table 'webshop.namlv_setup_database' doesn't exist
2018-03-03 10:20:17 : Table 'webshop.namlv_setup_database' doesn't exist
2018-03-03 10:20:17 : INSERT INTO `namlv_setup_database` (`type`, `version`) VALUES ('product', '1.0.0')-Table 'webshop.namlv_setup_database' doesn't exist
2018-03-03 10:20:18 : Table 'webshop.namlv_setup_database' doesn't exist
2018-03-03 10:20:18 : INSERT INTO `namlv_setup_database` (`type`, `version`) VALUES ('customer', '1.0.0')-Table 'webshop.namlv_setup_database' doesn't exist
2018-03-03 10:20:19 : Table 'webshop.namlv_setup_database' doesn't exist
2018-03-03 10:20:19 : INSERT INTO `namlv_setup_database` (`type`, `version`) VALUES ('order', '1.0.0')-Table 'webshop.namlv_setup_database' doesn't exist
2018-03-03 10:20:20 : INSERT INTO `namlv_setup_database` (`type`, `version`) VALUES ('extend', '1.0.0')-Table 'webshop.namlv_setup_database' doesn't exist
2018-03-03 10:21:35 : Table 'webshop.namlv_setup_database' doesn't exist
2018-03-03 10:21:50 : Table 'webshop.namlv_setup_database' doesn't exist
2018-03-03 10:21:59 : Table 'webshop.namlv_setup_database' doesn't exist
2018-03-03 10:54:46 : Table 'webshop.namlv_setup_database' doesn't exist
2018-03-03 11:15:21 : Could not connect to database: localhost root/123456 webshop
2018-03-03 11:15:23 : Could not connect to database: localhost root/123456 webshop
2018-03-03 11:16:07 : Could not connect to database: localhost root/123456 webshop
2018-03-03 11:16:30 : Table 'webshop.namlv_setup_database' doesn't exist
2018-03-03 11:16:41 : Key column 'attribute' doesn't exist in table
2018-03-03 11:30:20 : INSERT INTO `namlv_product_attribute` -You have an error in your SQL syntax; check the manual that corresponds to your MySQL server version for the right syntax to use near '' at line 1
2018-03-03 11:30:26 : INSERT INTO `namlv_product_attribute` -You have an error in your SQL syntax; check the manual that corresponds to your MySQL server version for the right syntax to use near '' at line 1
2018-03-03 11:30:29 : INSERT INTO `namlv_product_attribute` -You have an error in your SQL syntax; check the manual that corresponds to your MySQL server version for the right syntax to use near '' at line 1
2018-03-03 11:30:30 : INSERT INTO `namlv_product_attribute` -You have an error in your SQL syntax; check the manual that corresponds to your MySQL server version for the right syntax to use near '' at line 1
2018-03-03 11:30:34 : INSERT INTO `namlv_product_attribute` -You have an error in your SQL syntax; check the manual that corresponds to your MySQL server version for the right syntax to use near '' at line 1
2018-03-03 11:30:36 : INSERT INTO `namlv_product_attribute` -You have an error in your SQL syntax; check the manual that corresponds to your MySQL server version for the right syntax to use near '' at line 1
2018-03-03 11:30:39 : INSERT INTO `namlv_product_attribute` -You have an error in your SQL syntax; check the manual that corresponds to your MySQL server version for the right syntax to use near '' at line 1
2018-03-03 11:48:25 : Table 'webshop.namlv_setup_database' doesn't exist
