INSERT INTO `_DBPRF_catalog_category_entity` (`name`, `status`, `parent_id`, `level`, `updated_at`, `created_at`, `description`, `url_key`, `position`, `path`, `product_count`) VALUES ('The Handmade Collection', '1', 0, 1, '2018-03-05 09:30:11', '2018-03-05 09:29:54', '[EKM-AUTOGENERATED]Our handmade collection is 100 handmade in the UK using natural ingredients Everything is SLS and Paraben free Never tested on animals and smell and', 'the-handmade-collection', '1', '1/0', '4');
INSERT INTO `_DBPRF_category` (`name`, `status`, `parent_id`, `level`, `updated_at`, `created_at`, `description`, `url_key`, `position`, `path`, `product_count`) VALUES ('The Handmade Collection', '1', 0, 1, '2018-03-05 09:30:11', '2018-03-05 09:29:54', '[EKM-AUTOGENERATED]Our handmade collection is 100 handmade in the UK using natural ingredients Everything is SLS and Paraben free Never tested on animals and smell and', 'the-handmade-collection', '1', '1/0', '4');
INSERT INTO `_DBPRF_category` (`name`, `status`, `parent_id`, `level`, `updated_at`, `created_at`, `description`, `url_key`, `position`, `path`, `product_count`) VALUES ('The Handmade Collection', '1', 0, 1, '2018-03-05 09:30:11', '2018-03-05 09:29:54', '[EKM-AUTOGENERATED]Our handmade collection is 100 handmade in the UK using natural ingredients Everything is SLS and Paraben free Never tested on animals and smell and', 'the-handmade-collection', '1', '1/0', '4');
INSERT INTO `_DBPRF_category` (`name`, `status`, `parent_id`, `level`, `updated_at`, `created_at`, `description`, `url_key`, `position`, `path`, `product_count`) VALUES ('The Handmade Collection', '1', 0, 1, '2018-03-05 09:30:11', '2018-03-05 09:29:54', '[EKM-AUTOGENERATED]Our handmade collection is 100 handmade in the UK using natural ingredients Everything is SLS and Paraben free Never tested on animals and smell and', 'the-handmade-collection', '1', '1/0', '4');
INSERT INTO `_DBPRF_category` (`name`, `status`, `parent_id`, `level`, `updated_at`, `created_at`, `description`, `url_key`, `position`, `path`, `product_count`) VALUES ('The Handmade Collection', '1', 0, 1, '2018-03-05 09:30:11', '2018-03-05 09:29:54', '[EKM-AUTOGENERATED]Our handmade collection is 100 handmade in the UK using natural ingredients Everything is SLS and Paraben free Never tested on animals and smell and', 'the-handmade-collection', '1', '1/0', '4');
INSERT INTO `_DBPRF_category` (`name`, `status`, `parent_id`, `level`, `updated_at`, `created_at`, `description`, `url_key`, `position`, `path`, `product_count`) VALUES ('The Handmade Collection', '1', 0, 1, '2018-03-05 09:30:11', '2018-03-05 09:29:54', '[EKM-AUTOGENERATED]Our handmade collection is 100 handmade in the UK using natural ingredients Everything is SLS and Paraben free Never tested on animals and smell and', 'the-handmade-collection', '1', '1/0', '4');
INSERT INTO `_DBPRF_category` (`name`, `status`, `parent_id`, `level`, `updated_at`, `created_at`, `description`, `url_key`, `position`, `path`, `product_count`) VALUES ('The Handmade Collection', '1', 0, 1, '2018-03-05 09:30:11', '2018-03-05 09:29:54', '[EKM-AUTOGENERATED]Our handmade collection is 100 handmade in the UK using natural ingredients Everything is SLS and Paraben free Never tested on animals and smell and', 'the-handmade-collection', '1', '1/0', '4');
INSERT INTO `_DBPRF_category` (`name`, `status`, `parent_id`, `level`, `updated_at`, `created_at`, `description`, `url_key`, `position`, `path`, `product_count`) VALUES ('The Handmade Collection', '1', 0, 1, '2018-03-05 09:30:11', '2018-03-05 09:29:54', '[EKM-AUTOGENERATED]Our handmade collection is 100 handmade in the UK using natural ingredients Everything is SLS and Paraben free Never tested on animals and smell and', 'the-handmade-collection', '1', '1/0', '4');
INSERT INTO `_DBPRF_category` (`name`, `status`, `parent_id`, `level`, `updated_at`, `created_at`, `description`, `url_key`, `position`, `path`, `product_count`) VALUES ('The Handmade Collection', '1', 0, 1, '2018-03-05 09:30:11', '2018-03-05 09:29:54', '[EKM-AUTOGENERATED]Our handmade collection is 100 handmade in the UK using natural ingredients Everything is SLS and Paraben free Never tested on animals and smell and', 'the-handmade-collection', '1', '1/0', '4');
INSERT INTO `_DBPRF_category` (`name`, `status`, `parent_id`, `level`, `updated_at`, `created_at`, `description`, `url_key`, `position`, `path`, `product_count`) VALUES ('The Handmade Collection', '1', 0, 1, '2018-03-05 09:30:11', '2018-03-05 09:29:54', '[EKM-AUTOGENERATED]Our handmade collection is 100 handmade in the UK using natural ingredients Everything is SLS and Paraben free Never tested on animals and smell and', 'the-handmade-collection', '1', '1/0', '4');
INSERT INTO `_DBPRF_category` (`name`, `status`, `parent_id`, `level`, `updated_at`, `created_at`, `description`, `url_key`, `position`, `path`, `product_count`) VALUES ('The Handmade Collection', '1', 0, 1, '2018-03-05 09:30:11', '2018-03-05 09:29:54', '[EKM-AUTOGENERATED]Our handmade collection is 100 handmade in the UK using natural ingredients Everything is SLS and Paraben free Never tested on animals and smell and', 'the-handmade-collection', '1', '1/0', '4');
INSERT INTO `_DBPRF_url_rewrite` (`parent_id`, `type`, `url`, `controller`, `redirect_type`, `is_default`) VALUES (1, 'category', 'the-handmade-collection.html', 'catalog/category/view/id/1', 0, 1);
INSERT INTO `_DBPRF_url_rewrite` (`parent_id`, `type`, `url`, `controller`, `redirect_type`, `is_default`) VALUES (1, 'category', 'the-handmade-collection.html', 'catalog/category/view/id/1', 0, 1);
INSERT INTO `_DBPRF_url_rewrite` (`parent_id`, `type`, `url`, `controller`, `redirect_type`, `is_default`) VALUES (2, 'category', 'the-outlet-collection.html', 'catalog/category/view/id/2', 0, 1);
INSERT INTO `_DBPRF_url_rewrite` (`parent_id`, `type`, `url`, `controller`, `redirect_type`, `is_default`) VALUES (2, 'category', 'the-outlet-collection.html', 'catalog/category/view/id/2', 0, 1);
INSERT INTO `_DBPRF_url_rewrite` (`parent_id`, `type`, `url`, `controller`, `redirect_type`, `is_default`) VALUES (3, 'category', 'gift-sets.html', 'catalog/category/view/id/3', 0, 1);
INSERT INTO `_DBPRF_url_rewrite` (`parent_id`, `type`, `url`, `controller`, `redirect_type`, `is_default`) VALUES (3, 'category', 'gift-sets.html', 'catalog/category/view/id/3', 0, 1);
INSERT INTO `_DBPRF_url_rewrite` (`parent_id`, `type`, `url`, `controller`, `redirect_type`, `is_default`) VALUES (4, 'category', 'the-moroccan-collection.html', 'catalog/category/view/id/4', 0, 1);
INSERT INTO `_DBPRF_url_rewrite` (`parent_id`, `type`, `url`, `controller`, `redirect_type`, `is_default`) VALUES (4, 'category', 'the-moroccan-collection.html', 'catalog/category/view/id/4', 0, 1);
INSERT INTO `_DBPRF_url_rewrite` (`parent_id`, `type`, `url`, `controller`, `redirect_type`, `is_default`) VALUES (5, 'category', 'gift-sets/valentines-day.html', 'catalog/category/view/id/5', 0, 1);
INSERT INTO `_DBPRF_url_rewrite` (`parent_id`, `type`, `url`, `controller`, `redirect_type`, `is_default`) VALUES (5, 'category', 'gift-sets/valentines-day.html', 'catalog/category/view/id/5', 0, 1);
INSERT INTO `_DBPRF_url_rewrite` (`parent_id`, `type`, `url`, `controller`, `redirect_type`, `is_default`) VALUES (6, 'category', 'the-handmade-collection/butters-creams.html', 'catalog/category/view/id/6', 0, 1);
INSERT INTO `_DBPRF_url_rewrite` (`parent_id`, `type`, `url`, `controller`, `redirect_type`, `is_default`) VALUES (6, 'category', 'the-handmade-collection/butters-creams.html', 'catalog/category/view/id/6', 0, 1);
INSERT INTO `_DBPRF_url_rewrite` (`parent_id`, `type`, `url`, `controller`, `redirect_type`, `is_default`) VALUES (7, 'category', 'the-handmade-collection/sugar-scrub.html', 'catalog/category/view/id/7', 0, 1);
INSERT INTO `_DBPRF_url_rewrite` (`parent_id`, `type`, `url`, `controller`, `redirect_type`, `is_default`) VALUES (7, 'category', 'the-handmade-collection/sugar-scrub.html', 'catalog/category/view/id/7', 0, 1);
INSERT INTO `_DBPRF_url_rewrite` (`parent_id`, `type`, `url`, `controller`, `redirect_type`, `is_default`) VALUES (8, 'category', 'the-handmade-collection/bath-spa.html', 'catalog/category/view/id/8', 0, 1);
INSERT INTO `_DBPRF_url_rewrite` (`parent_id`, `type`, `url`, `controller`, `redirect_type`, `is_default`) VALUES (8, 'category', 'the-handmade-collection/bath-spa.html', 'catalog/category/view/id/8', 0, 1);
INSERT INTO `_DBPRF_url_rewrite` (`parent_id`, `type`, `url`, `controller`, `redirect_type`, `is_default`) VALUES (9, 'category', 'the-handmade-collection/soap.html', 'catalog/category/view/id/9', 0, 1);
INSERT INTO `_DBPRF_url_rewrite` (`parent_id`, `type`, `url`, `controller`, `redirect_type`, `is_default`) VALUES (9, 'category', 'the-handmade-collection/soap.html', 'catalog/category/view/id/9', 0, 1);
INSERT INTO `_DBPRF_url_rewrite` (`parent_id`, `type`, `url`, `controller`, `redirect_type`, `is_default`) VALUES (10, 'category', 'the-moroccan-collection/argan-oil.html', 'catalog/category/view/id/10', 0, 1);
INSERT INTO `_DBPRF_url_rewrite` (`parent_id`, `type`, `url`, `controller`, `redirect_type`, `is_default`) VALUES (10, 'category', 'the-moroccan-collection/argan-oil.html', 'catalog/category/view/id/10', 0, 1);
INSERT INTO `_DBPRF_category` (`name`, `status`, `parent_id`, `level`, `updated_at`, `created_at`, `description`, `url_key`, `position`, `path`, `product_count`) VALUES ('Bath & Spa', '1', 2, 2, '2018-03-05 09:30:12', '2018-03-05 09:30:12', '', 'bath-spa', '1', '1/0/2', 0);
INSERT INTO `_DBPRF_url_rewrite` (`parent_id`, `type`, `url`, `controller`, `redirect_type`, `is_default`) VALUES (12, 'category', 'the-handmade-collection.html', 'catalog/category/view/id/12', 0, 1);
INSERT INTO `_DBPRF_url_rewrite` (`parent_id`, `type`, `url`, `controller`, `redirect_type`, `is_default`) VALUES (12, 'category', 'the-handmade-collection.html', 'catalog/category/view/id/12', 0, 1);
INSERT INTO `_DBPRF_url_rewrite` (`parent_id`, `type`, `url`, `controller`, `redirect_type`, `is_default`) VALUES (13, 'category', 'the-outlet-collection.html', 'catalog/category/view/id/13', 0, 1);
INSERT INTO `_DBPRF_url_rewrite` (`parent_id`, `type`, `url`, `controller`, `redirect_type`, `is_default`) VALUES (13, 'category', 'the-outlet-collection.html', 'catalog/category/view/id/13', 0, 1);
INSERT INTO `_DBPRF_url_rewrite` (`parent_id`, `type`, `url`, `controller`, `redirect_type`, `is_default`) VALUES (14, 'category', 'gift-sets.html', 'catalog/category/view/id/14', 0, 1);
INSERT INTO `_DBPRF_url_rewrite` (`parent_id`, `type`, `url`, `controller`, `redirect_type`, `is_default`) VALUES (14, 'category', 'gift-sets.html', 'catalog/category/view/id/14', 0, 1);
INSERT INTO `_DBPRF_url_rewrite` (`parent_id`, `type`, `url`, `controller`, `redirect_type`, `is_default`) VALUES (15, 'category', 'the-moroccan-collection.html', 'catalog/category/view/id/15', 0, 1);
INSERT INTO `_DBPRF_url_rewrite` (`parent_id`, `type`, `url`, `controller`, `redirect_type`, `is_default`) VALUES (15, 'category', 'the-moroccan-collection.html', 'catalog/category/view/id/15', 0, 1);
INSERT INTO `_DBPRF_url_rewrite` (`parent_id`, `type`, `url`, `controller`, `redirect_type`, `is_default`) VALUES (16, 'category', 'gift-sets/valentines-day.html', 'catalog/category/view/id/16', 0, 1);
INSERT INTO `_DBPRF_url_rewrite` (`parent_id`, `type`, `url`, `controller`, `redirect_type`, `is_default`) VALUES (16, 'category', 'gift-sets/valentines-day.html', 'catalog/category/view/id/16', 0, 1);
INSERT INTO `_DBPRF_url_rewrite` (`parent_id`, `type`, `url`, `controller`, `redirect_type`, `is_default`) VALUES (17, 'category', 'the-handmade-collection/butters-creams.html', 'catalog/category/view/id/17', 0, 1);
INSERT INTO `_DBPRF_url_rewrite` (`parent_id`, `type`, `url`, `controller`, `redirect_type`, `is_default`) VALUES (17, 'category', 'the-handmade-collection/butters-creams.html', 'catalog/category/view/id/17', 0, 1);
INSERT INTO `_DBPRF_url_rewrite` (`parent_id`, `type`, `url`, `controller`, `redirect_type`, `is_default`) VALUES (18, 'category', 'the-handmade-collection/sugar-scrub.html', 'catalog/category/view/id/18', 0, 1);
INSERT INTO `_DBPRF_url_rewrite` (`parent_id`, `type`, `url`, `controller`, `redirect_type`, `is_default`) VALUES (18, 'category', 'the-handmade-collection/sugar-scrub.html', 'catalog/category/view/id/18', 0, 1);
INSERT INTO `_DBPRF_url_rewrite` (`parent_id`, `type`, `url`, `controller`, `redirect_type`, `is_default`) VALUES (19, 'category', 'the-handmade-collection/bath-spa.html', 'catalog/category/view/id/19', 0, 1);
INSERT INTO `_DBPRF_url_rewrite` (`parent_id`, `type`, `url`, `controller`, `redirect_type`, `is_default`) VALUES (19, 'category', 'the-handmade-collection/bath-spa.html', 'catalog/category/view/id/19', 0, 1);
INSERT INTO `_DBPRF_url_rewrite` (`parent_id`, `type`, `url`, `controller`, `redirect_type`, `is_default`) VALUES (20, 'category', 'the-handmade-collection/soap.html', 'catalog/category/view/id/20', 0, 1);
INSERT INTO `_DBPRF_url_rewrite` (`parent_id`, `type`, `url`, `controller`, `redirect_type`, `is_default`) VALUES (20, 'category', 'the-handmade-collection/soap.html', 'catalog/category/view/id/20', 0, 1);
INSERT INTO `_DBPRF_url_rewrite` (`parent_id`, `type`, `url`, `controller`, `redirect_type`, `is_default`) VALUES (21, 'category', 'the-moroccan-collection/argan-oil.html', 'catalog/category/view/id/21', 0, 1);
INSERT INTO `_DBPRF_url_rewrite` (`parent_id`, `type`, `url`, `controller`, `redirect_type`, `is_default`) VALUES (21, 'category', 'the-moroccan-collection/argan-oil.html', 'catalog/category/view/id/21', 0, 1);
INSERT INTO `_DBPRF_category` (`name`, `status`, `parent_id`, `level`, `updated_at`, `created_at`, `description`, `url_key`, `position`, `path`, `product_count`) VALUES ('Bath & Spa', '1', 13, 2, '2018-03-05 09:30:12', '2018-03-05 09:30:12', '', 'bath-spa', '1', '1/0/13', 0);
INSERT INTO `_DBPRF_category` (`name`, `status`, `parent_id`, `level`, `updated_at`, `created_at`, `description`, `url_key`, `position`, `path`, `product_count`) VALUES ('Bath & Spa', '1', 13, 2, '2018-03-05 09:30:12', '2018-03-05 09:30:12', '', 'bath-spa', '1', '1/0/13', 0);
INSERT INTO `_DBPRF_category` (`name`, `status`, `parent_id`, `level`, `updated_at`, `created_at`, `description`, `url_key`, `position`, `path`, `product_count`) VALUES ('Bath & Spa', '1', 13, 2, '2018-03-05 09:30:12', '2018-03-05 09:30:12', '', 'bath-spa', '1', '1/0/13', 0);
INSERT INTO `_DBPRF_category` (`name`, `status`, `parent_id`, `level`, `updated_at`, `created_at`, `description`, `url_key`, `position`, `path`, `product_count`) VALUES ('Bath & Spa', '1', 13, 2, '2018-03-05 09:30:12', '2018-03-05 09:30:12', '', 'bath-spa', '1', '1/0/13', 0);
INSERT INTO `_DBPRF_category` (`name`, `status`, `parent_id`, `level`, `updated_at`, `created_at`, `description`, `url_key`, `position`, `path`, `product_count`) VALUES ('Bath & Spa', '1', 13, 2, '2018-03-05 09:30:12', '2018-03-05 09:30:12', '', 'bath-spa', '1', '1/0/13', 0);
INSERT INTO `_DBPRF_category` (`name`, `status`, `parent_id`, `level`, `updated_at`, `created_at`, `description`, `url_key`, `position`, `path`, `product_count`) VALUES ('Bath & Spa', '1', 13, 2, '2018-03-05 09:30:12', '2018-03-05 09:30:12', '', 'bath-spa', '1', '1/0/13', 0);
INSERT INTO `_DBPRF_category` (`name`, `status`, `parent_id`, `level`, `updated_at`, `created_at`, `description`, `url_key`, `position`, `path`, `product_count`) VALUES ('Bath & Spa', '1', 13, 2, '2018-03-05 09:30:12', '2018-03-05 09:30:12', '', 'bath-spa', '1', '1/0/13', 0);
INSERT INTO `_DBPRF_category` (`name`, `status`, `parent_id`, `level`, `updated_at`, `created_at`, `description`, `url_key`, `position`, `path`, `product_count`) VALUES ('Bath & Spa', '1', 13, 2, '2018-03-05 09:30:12', '2018-03-05 09:30:12', '', 'bath-spa', '1', '1/0/13', 0);
INSERT INTO `_DBPRF_category` (`name`, `status`, `parent_id`, `level`, `updated_at`, `created_at`, `description`, `url_key`, `position`, `path`, `product_count`) VALUES ('Bath & Spa', '1', 13, 2, '2018-03-05 09:30:12', '2018-03-05 09:30:12', '', 'bath-spa', '1', '1/0/13', 0);
INSERT INTO `_DBPRF_category` (`name`, `status`, `parent_id`, `level`, `updated_at`, `created_at`, `description`, `url_key`, `position`, `path`, `product_count`) VALUES ('Bath & Spa', '1', 13, 2, '2018-03-05 09:30:12', '2018-03-05 09:30:12', '', 'bath-spa', '1', '1/0/13', 0);
INSERT INTO `_DBPRF_category` (`name`, `status`, `parent_id`, `level`, `updated_at`, `created_at`, `description`, `url_key`, `position`, `path`, `product_count`) VALUES ('Bath & Spa', '1', 13, 2, '2018-03-05 09:30:12', '2018-03-05 09:30:12', '', 'bath-spa', '1', '1/0/13', 0);
INSERT INTO `_DBPRF_category` (`name`, `status`, `parent_id`, `level`, `updated_at`, `created_at`, `description`, `url_key`, `position`, `path`, `product_count`) VALUES ('Bath & Spa', '1', 13, 2, '2018-03-05 09:30:12', '2018-03-05 09:30:12', '', 'bath-spa', '1', '1/0/13', 0);
INSERT INTO `_DBPRF_category` (`name`, `status`, `parent_id`, `level`, `updated_at`, `created_at`, `description`, `url_key`, `position`, `path`, `product_count`) VALUES ('Bath & Spa', '1', 13, 2, '2018-03-05 09:30:12', '2018-03-05 09:30:12', '', 'bath-spa', '1', '1/0/13', 0);
INSERT INTO `_DBPRF_category` (`name`, `status`, `parent_id`, `level`, `updated_at`, `created_at`, `description`, `url_key`, `position`, `path`, `product_count`) VALUES ('Bath & Spa', '1', 13, 2, '2018-03-05 09:30:12', '2018-03-05 09:30:12', '', 'bath-spa', '1', '1/0/13', 0);
INSERT INTO `_DBPRF_category` (`name`, `status`, `parent_id`, `level`, `updated_at`, `created_at`, `description`, `url_key`, `position`, `path`, `product_count`) VALUES ('Bath & Spa', '1', 13, 2, '2018-03-05 09:30:12', '2018-03-05 09:30:12', '', 'bath-spa', '1', '1/0/13', 0);
INSERT INTO `_DBPRF_category` (`name`, `status`, `parent_id`, `level`, `updated_at`, `created_at`, `description`, `url_key`, `position`, `path`, `product_count`) VALUES ('Bath & Spa', '1', 13, 2, '2018-03-05 09:30:12', '2018-03-05 09:30:12', '', 'bath-spa', '1', '1/0/13', 0);
INSERT INTO `_DBPRF_category` (`name`, `status`, `parent_id`, `level`, `updated_at`, `created_at`, `description`, `url_key`, `position`, `path`, `product_count`) VALUES ('Bath & Spa', '1', 13, 2, '2018-03-05 09:30:12', '2018-03-05 09:30:12', '', 'bath-spa', '1', '1/0/13', 0);
INSERT INTO `_DBPRF_category` (`name`, `status`, `parent_id`, `level`, `updated_at`, `created_at`, `description`, `url_key`, `position`, `path`, `product_count`) VALUES ('Bath & Spa', '1', 13, 2, '2018-03-05 09:30:12', '2018-03-05 09:30:12', '', 'bath-spa', '1', '1/0/13', 0);
INSERT INTO `_DBPRF_category` (`name`, `status`, `parent_id`, `level`, `updated_at`, `created_at`, `description`, `url_key`, `position`, `path`, `product_count`) VALUES ('Bath & Spa', '1', 13, 2, '2018-03-05 09:30:12', '2018-03-05 09:30:12', '', 'bath-spa', '1', '1/0/13', 0);
INSERT INTO `_DBPRF_url_rewrite` (`parent_id`, `type`, `url`, `controller`, `redirect_type`, `is_default`) VALUES (2, 'category', 'the-handmade-collection.html', 'catalog/category/view/id/2', 0, 1);
INSERT INTO `_DBPRF_url_rewrite` (`parent_id`, `type`, `url`, `controller`, `redirect_type`, `is_default`) VALUES (2, 'category', 'the-handmade-collection.html', 'catalog/category/view/id/2', 0, 1);
INSERT INTO `_DBPRF_url_rewrite` (`parent_id`, `type`, `url`, `controller`, `redirect_type`, `is_default`) VALUES (3, 'category', 'the-outlet-collection.html', 'catalog/category/view/id/3', 0, 1);
INSERT INTO `_DBPRF_url_rewrite` (`parent_id`, `type`, `url`, `controller`, `redirect_type`, `is_default`) VALUES (3, 'category', 'the-outlet-collection.html', 'catalog/category/view/id/3', 0, 1);
INSERT INTO `_DBPRF_url_rewrite` (`parent_id`, `type`, `url`, `controller`, `redirect_type`, `is_default`) VALUES (4, 'category', 'gift-sets.html', 'catalog/category/view/id/4', 0, 1);
INSERT INTO `_DBPRF_url_rewrite` (`parent_id`, `type`, `url`, `controller`, `redirect_type`, `is_default`) VALUES (4, 'category', 'gift-sets.html', 'catalog/category/view/id/4', 0, 1);
INSERT INTO `_DBPRF_url_rewrite` (`parent_id`, `type`, `url`, `controller`, `redirect_type`, `is_default`) VALUES (5, 'category', 'the-moroccan-collection.html', 'catalog/category/view/id/5', 0, 1);
INSERT INTO `_DBPRF_url_rewrite` (`parent_id`, `type`, `url`, `controller`, `redirect_type`, `is_default`) VALUES (5, 'category', 'the-moroccan-collection.html', 'catalog/category/view/id/5', 0, 1);
INSERT INTO `_DBPRF_url_rewrite` (`parent_id`, `type`, `url`, `controller`, `redirect_type`, `is_default`) VALUES (6, 'category', 'gift-sets/valentines-day.html', 'catalog/category/view/id/6', 0, 1);
INSERT INTO `_DBPRF_url_rewrite` (`parent_id`, `type`, `url`, `controller`, `redirect_type`, `is_default`) VALUES (6, 'category', 'gift-sets/valentines-day.html', 'catalog/category/view/id/6', 0, 1);
INSERT INTO `_DBPRF_url_rewrite` (`parent_id`, `type`, `url`, `controller`, `redirect_type`, `is_default`) VALUES (7, 'category', 'the-handmade-collection/butters-creams.html', 'catalog/category/view/id/7', 0, 1);
INSERT INTO `_DBPRF_url_rewrite` (`parent_id`, `type`, `url`, `controller`, `redirect_type`, `is_default`) VALUES (7, 'category', 'the-handmade-collection/butters-creams.html', 'catalog/category/view/id/7', 0, 1);
INSERT INTO `_DBPRF_url_rewrite` (`parent_id`, `type`, `url`, `controller`, `redirect_type`, `is_default`) VALUES (8, 'category', 'the-handmade-collection/sugar-scrub.html', 'catalog/category/view/id/8', 0, 1);
INSERT INTO `_DBPRF_url_rewrite` (`parent_id`, `type`, `url`, `controller`, `redirect_type`, `is_default`) VALUES (8, 'category', 'the-handmade-collection/sugar-scrub.html', 'catalog/category/view/id/8', 0, 1);
INSERT INTO `_DBPRF_url_rewrite` (`parent_id`, `type`, `url`, `controller`, `redirect_type`, `is_default`) VALUES (9, 'category', 'the-handmade-collection/bath-spa.html', 'catalog/category/view/id/9', 0, 1);
INSERT INTO `_DBPRF_url_rewrite` (`parent_id`, `type`, `url`, `controller`, `redirect_type`, `is_default`) VALUES (9, 'category', 'the-handmade-collection/bath-spa.html', 'catalog/category/view/id/9', 0, 1);
INSERT INTO `_DBPRF_url_rewrite` (`parent_id`, `type`, `url`, `controller`, `redirect_type`, `is_default`) VALUES (10, 'category', 'the-handmade-collection/soap.html', 'catalog/category/view/id/10', 0, 1);
INSERT INTO `_DBPRF_url_rewrite` (`parent_id`, `type`, `url`, `controller`, `redirect_type`, `is_default`) VALUES (10, 'category', 'the-handmade-collection/soap.html', 'catalog/category/view/id/10', 0, 1);
INSERT INTO `_DBPRF_url_rewrite` (`parent_id`, `type`, `url`, `controller`, `redirect_type`, `is_default`) VALUES (11, 'category', 'the-moroccan-collection/argan-oil.html', 'catalog/category/view/id/11', 0, 1);
INSERT INTO `_DBPRF_url_rewrite` (`parent_id`, `type`, `url`, `controller`, `redirect_type`, `is_default`) VALUES (11, 'category', 'the-moroccan-collection/argan-oil.html', 'catalog/category/view/id/11', 0, 1);
INSERT INTO `_DBPRF_category` (`name`, `status`, `parent_id`, `level`, `updated_at`, `created_at`, `description`, `url_key`, `position`, `path`, `product_count`) VALUES ('Bath & Spa', '1', 3, 2, '2018-03-05 09:30:12', '2018-03-05 09:30:12', '', 'bath-spa', '1', '1/1/3', 0);
INSERT INTO `_DBPRF_url_rewrite` (`parent_id`, `type`, `url`, `controller`, `redirect_type`, `is_default`) VALUES (2, 'category', 'the-handmade-collection.html', 'catalog/category/view/id/2', 0, 1);
INSERT INTO `_DBPRF_url_rewrite` (`parent_id`, `type`, `url`, `controller`, `redirect_type`, `is_default`) VALUES (2, 'category', 'the-handmade-collection.html', 'catalog/category/view/id/2', 0, 1);
INSERT INTO `_DBPRF_url_rewrite` (`parent_id`, `type`, `url`, `controller`, `redirect_type`, `is_default`) VALUES (3, 'category', 'the-outlet-collection.html', 'catalog/category/view/id/3', 0, 1);
INSERT INTO `_DBPRF_url_rewrite` (`parent_id`, `type`, `url`, `controller`, `redirect_type`, `is_default`) VALUES (3, 'category', 'the-outlet-collection.html', 'catalog/category/view/id/3', 0, 1);
INSERT INTO `_DBPRF_url_rewrite` (`parent_id`, `type`, `url`, `controller`, `redirect_type`, `is_default`) VALUES (4, 'category', 'gift-sets.html', 'catalog/category/view/id/4', 0, 1);
INSERT INTO `_DBPRF_url_rewrite` (`parent_id`, `type`, `url`, `controller`, `redirect_type`, `is_default`) VALUES (4, 'category', 'gift-sets.html', 'catalog/category/view/id/4', 0, 1);
INSERT INTO `_DBPRF_url_rewrite` (`parent_id`, `type`, `url`, `controller`, `redirect_type`, `is_default`) VALUES (5, 'category', 'the-moroccan-collection.html', 'catalog/category/view/id/5', 0, 1);
INSERT INTO `_DBPRF_url_rewrite` (`parent_id`, `type`, `url`, `controller`, `redirect_type`, `is_default`) VALUES (5, 'category', 'the-moroccan-collection.html', 'catalog/category/view/id/5', 0, 1);
INSERT INTO `_DBPRF_url_rewrite` (`parent_id`, `type`, `url`, `controller`, `redirect_type`, `is_default`) VALUES (6, 'category', 'gift-sets/valentines-day.html', 'catalog/category/view/id/6', 0, 1);
INSERT INTO `_DBPRF_url_rewrite` (`parent_id`, `type`, `url`, `controller`, `redirect_type`, `is_default`) VALUES (6, 'category', 'gift-sets/valentines-day.html', 'catalog/category/view/id/6', 0, 1);
INSERT INTO `_DBPRF_url_rewrite` (`parent_id`, `type`, `url`, `controller`, `redirect_type`, `is_default`) VALUES (7, 'category', 'the-handmade-collection/butters-creams.html', 'catalog/category/view/id/7', 0, 1);
INSERT INTO `_DBPRF_url_rewrite` (`parent_id`, `type`, `url`, `controller`, `redirect_type`, `is_default`) VALUES (7, 'category', 'the-handmade-collection/butters-creams.html', 'catalog/category/view/id/7', 0, 1);
INSERT INTO `_DBPRF_url_rewrite` (`parent_id`, `type`, `url`, `controller`, `redirect_type`, `is_default`) VALUES (8, 'category', 'the-handmade-collection/sugar-scrub.html', 'catalog/category/view/id/8', 0, 1);
INSERT INTO `_DBPRF_url_rewrite` (`parent_id`, `type`, `url`, `controller`, `redirect_type`, `is_default`) VALUES (8, 'category', 'the-handmade-collection/sugar-scrub.html', 'catalog/category/view/id/8', 0, 1);
INSERT INTO `_DBPRF_url_rewrite` (`parent_id`, `type`, `url`, `controller`, `redirect_type`, `is_default`) VALUES (9, 'category', 'the-handmade-collection/bath-spa.html', 'catalog/category/view/id/9', 0, 1);
INSERT INTO `_DBPRF_url_rewrite` (`parent_id`, `type`, `url`, `controller`, `redirect_type`, `is_default`) VALUES (9, 'category', 'the-handmade-collection/bath-spa.html', 'catalog/category/view/id/9', 0, 1);
INSERT INTO `_DBPRF_url_rewrite` (`parent_id`, `type`, `url`, `controller`, `redirect_type`, `is_default`) VALUES (10, 'category', 'the-handmade-collection/soap.html', 'catalog/category/view/id/10', 0, 1);
INSERT INTO `_DBPRF_url_rewrite` (`parent_id`, `type`, `url`, `controller`, `redirect_type`, `is_default`) VALUES (10, 'category', 'the-handmade-collection/soap.html', 'catalog/category/view/id/10', 0, 1);
INSERT INTO `_DBPRF_url_rewrite` (`parent_id`, `type`, `url`, `controller`, `redirect_type`, `is_default`) VALUES (11, 'category', 'the-moroccan-collection/argan-oil.html', 'catalog/category/view/id/11', 0, 1);
INSERT INTO `_DBPRF_url_rewrite` (`parent_id`, `type`, `url`, `controller`, `redirect_type`, `is_default`) VALUES (11, 'category', 'the-moroccan-collection/argan-oil.html', 'catalog/category/view/id/11', 0, 1);
INSERT INTO `_DBPRF_category` (`name`, `status`, `parent_id`, `level`, `updated_at`, `created_at`, `description`, `url_key`, `position`, `path`, `product_count`) VALUES ('Bath & Spa', '1', 3, 2, '2018-03-05 09:30:12', '2018-03-05 09:30:12', '', 'bath-spa', '1', '1/1/3', 0);
