INSERT INTO `_DBPRF_product` (`name`, `price`, `sku`, `status`, `created_at`, `updated_at`, `description`, `url_key`, `attribute_set`) VALUES ('Black Orchid - Shea & Jojoba Body Butter-100ml', '24.9900', 'BBBO100-100ml', '1', '2018-03-05 09:30:22', '2018-03-05 09:30:22', '', 'black-orchid-shea-jojoba-body-butter-100ml', '1');
INSERT INTO `_DBPRF_product` (`name`, `price`, `sku`, `status`, `created_at`, `updated_at`, `description`, `url_key`, `attribute_set`) VALUES ('Black Orchid - Shea & Jojoba Body Butter-100ml', '24.9900', 'BBBO100-100ml', '1', '2018-03-05 09:30:22', '2018-03-05 09:30:22', '', 'black-orchid-shea-jojoba-body-butter-100ml', '1');
INSERT INTO `_DBPRF_product` (`name`, `price`, `sku`, `status`, `created_at`, `updated_at`, `description`, `url_key`, `attribute_set`) VALUES ('Black Orchid - Shea & Jojoba Body Butter-100ml', '24.9900', 'BBBO100-100ml', '1', '2018-03-05 09:30:22', '2018-03-05 09:30:22', '', 'black-orchid-shea-jojoba-body-butter-100ml', '1');
;
;
;
;
;
;
;
;
;
;
;
;
INSERT INTO `_DBPRF_product` (`name`, `price`, `sku`, `status`, `created_at`, `updated_at`, `description`, `url_key`, `attribute_set`) VALUES ('Hollywood Spa Set-Arabian Oudh Musk', '84.9900', 'HSGS5-Arabian Oudh Musk-1', '1', '2018-03-05 09:41:22', '2018-03-05 09:41:22', '', 'hollywood-spa-set-arabian-oudh-musk', '1');
INSERT INTO `_DBPRF_product` (`name`, `price`, `sku`, `status`, `created_at`, `updated_at`, `description`, `url_key`, `attribute_set`) VALUES ('Hollywood Spa Set-Arabian Oudh Musk', '84.9900', 'HSGS5-Arabian Oudh Musk-1', '1', '2018-03-05 09:41:22', '2018-03-05 09:41:22', '', 'hollywood-spa-set-arabian-oudh-musk', '1');
INSERT INTO `_DBPRF_product` (`name`, `price`, `sku`, `status`, `created_at`, `updated_at`, `description`, `url_key`, `attribute_set`) VALUES ('Hollywood Spa Set-Arabian Oudh Musk', '84.9900', 'HSGS5-Arabian Oudh Musk-1', '1', '2018-03-05 09:41:22', '2018-03-05 09:41:22', '', 'hollywood-spa-set-arabian-oudh-musk', '1');
INSERT INTO `_DBPRF_product` (`name`, `price`, `sku`, `status`, `created_at`, `updated_at`, `description`, `url_key`, `attribute_set`) VALUES ('Hollywood Spa Set-Arabian Oudh Musk', '84.9900', 'HSGS5-Arabian Oudh Musk-1', '1', '2018-03-05 09:41:22', '2018-03-05 09:41:22', '', 'hollywood-spa-set-arabian-oudh-musk', '1');
INSERT INTO `_DBPRF_product` (`name`, `price`, `sku`, `status`, `created_at`, `updated_at`, `description`, `url_key`, `attribute_set`) VALUES ('Hollywood Spa Set-Arabian Oudh Musk', '84.9900', 'HSGS5-Arabian Oudh Musk-1', '1', '2018-03-05 09:41:22', '2018-03-05 09:41:22', '', 'hollywood-spa-set-arabian-oudh-musk', '1');
;
INSERT INTO `_DBPRF_product` (`name`, `price`, `sku`, `status`, `created_at`, `updated_at`, `description`, `url_key`, `attribute_set`) VALUES ('Hollywood Spa Set-Black Orchid', '79.9900', 'HSGS5-Black Orchid-1', '1', '2018-03-05 09:41:22', '2018-03-05 09:41:22', '', 'hollywood-spa-set-black-orchid', '1');
;
INSERT INTO `_DBPRF_product` (`name`, `price`, `sku`, `status`, `created_at`, `updated_at`, `description`, `url_key`, `attribute_set`) VALUES ('Hollywood Spa Set-Sandal Vanille', '79.9900', 'HSGS5-Sandal Vanille-1', '1', '2018-03-05 09:41:23', '2018-03-05 09:41:23', '', 'hollywood-spa-set-sandal-vanille', '1');
;
;
;
;
;
;
;
;
